<?xml version="1.0" encoding="UTF-8"?>
<!-- Generated by org.testng.reporters.JUnitReportReporter -->
<testsuite hostname="OMAR-ABU-SNINEH" failures="0" tests="1" name="MyTestCases" time="0.050" errors="0" timestamp="2024-09-19T21:05:41 EET" skipped="0">
  <testcase classname="MyTestCases" name="getData" time="0.050"/>
  <system-out/>
</testsuite> <!-- MyTestCases -->
